{"level":"info","message":"Running on PORT 3001"}
{"level":"info","message":"Running on PORT 3001"}
{"level":"info","message":"Running on PORT 3001"}
{"level":"info","message":"Running on PORT 3001"}
{"level":"info","message":"Running on PORT 3001"}
{"level":"info","message":"Running on PORT 3001"}
{"level":"info","message":"Running on PORT 3001"}
{"level":"info","message":"Running on PORT 3001"}
{"level":"info","message":"Running on PORT 3001"}
{"level":"error","message":"connect ETIMEDOUT"}
{"level":"info","message":"Running on PORT 3001"}
{"level":"error","message":"Table 'portal_wg_fab.videos' doesn't exist"}
{"level":"info","message":"Running on PORT 3001"}
{"level":"info","message":"Running on PORT 3001"}
{"level":"info","message":"Running on PORT 3001"}
{"level":"info","message":"Running on PORT 3001"}
{"level":"info","message":"Running on PORT 3001"}
{"level":"info","message":"Running on PORT 3001"}
{"level":"info","message":"Running on PORT 3001"}
{"level":"info","message":"Running on PORT 3001"}
{"level":"info","message":"Running on PORT 3001"}
{"level":"info","message":"Running on PORT 3001"}
{"level":"info","message":"Running on PORT 3001"}
{"level":"info","message":"Running on PORT 3001"}
{"level":"info","message":"Running on PORT 3001"}
{"level":"info","message":"Running on PORT 3001"}
{"level":"info","message":"Running on PORT 3001"}
{"level":"info","message":"Running on PORT 3001"}
{"level":"info","message":"Running on PORT 3001"}
{"level":"info","message":"Running on PORT 3001"}
{"level":"info","message":"Running on PORT 3001"}
{"level":"info","message":"Running on PORT 3001"}
{"level":"info","message":"Running on PORT 3001"}
{"level":"info","message":"Running on PORT 3001"}
{"level":"info","message":"Running on PORT 3001"}
{"level":"info","message":"Running on PORT 3001"}
{"level":"info","message":"Running on PORT 3001"}
{"level":"info","message":"Running on PORT 3001"}
{"level":"info","message":"Running on PORT 3001"}
{"level":"error","message":"connect ETIMEDOUT"}
{"level":"info","message":"Running on PORT 3001"}
{"level":"info","message":"Running on PORT 3001"}
{"level":"info","message":"Running on PORT 3001"}
{"level":"error","message":"connect ETIMEDOUT"}
{"level":"info","message":"Running on PORT 3001"}
{"level":"error","message":"connect ETIMEDOUT"}
{"level":"info","message":"Running on PORT 3001"}
{"level":"error","message":"connect ETIMEDOUT"}
{"level":"info","message":"Running on PORT 3001"}
{"level":"info","message":"Running on PORT 3001"}
{"level":"info","message":"Running on PORT 3001"}
{"level":"info","message":"Running on PORT 3001"}
{"level":"info","message":"Running on PORT 3001"}
{"level":"info","message":"Running on PORT 3001"}
{"level":"info","message":"Running on PORT 3001"}
{"level":"info","message":"Running on PORT 3001"}
{"level":"info","message":"Running on PORT 3001"}
{"level":"error","message":"connect ETIMEDOUT"}
{"level":"info","message":"Running on PORT 3001"}
{"level":"error","message":"connect ETIMEDOUT"}
{"level":"info","message":"Running on PORT 3001"}
{"level":"error","message":"connect ETIMEDOUT"}
{"level":"info","message":"Running on PORT 3001"}
{"level":"info","message":"Running on PORT 3001"}
{"level":"info","message":"Running on PORT 3001"}
{"level":"info","message":"Running on PORT 3001"}
{"level":"info","message":"Running on PORT 3001"}
{"level":"info","message":"Running on PORT 3001"}
{"level":"info","message":"Running on PORT 3001"}
{"level":"info","message":"Running on PORT 3001"}
{"level":"info","message":"Running on PORT 3001"}
{"level":"info","message":"Running on PORT 3001"}
{"level":"info","message":"Running on PORT 3001"}
{"level":"info","message":"Running on PORT 3001"}
{"level":"info","message":"Running on PORT 3001"}
{"level":"info","message":"Running on PORT 3001"}
{"level":"info","message":"Running on PORT 3001"}
{"level":"info","message":"Running on PORT 3001"}
{"level":"info","message":"Running on PORT 3001"}
{"level":"info","message":"Running on PORT 3001"}
{"level":"info","message":"Running on PORT 3001"}
{"level":"info","message":"Running on PORT 3001"}
{"level":"info","message":"Running on PORT 3001"}
{"level":"info","message":"Running on PORT 3001"}
{"level":"info","message":"Running on PORT 3001"}
{"level":"info","message":"Running on PORT 3001"}
{"level":"info","message":"Running on PORT 3001"}
{"level":"info","message":"Running on PORT 3001"}
{"level":"info","message":"Running on PORT 3001"}
{"level":"info","message":"Running on PORT 3001"}
{"level":"info","message":"Running on PORT 3001"}
{"level":"info","message":"Running on PORT 3001"}
{"level":"info","message":"Running on PORT 3001"}
{"level":"info","message":"Running on PORT 3001"}
{"level":"info","message":"Running on PORT 3001"}
{"level":"info","message":"Running on PORT 3001"}
{"level":"info","message":"Running on PORT 3001"}
{"level":"info","message":"Running on PORT 3001"}
{"level":"info","message":"Running on PORT 3001"}
{"level":"info","message":"Running on PORT 3001"}
{"level":"info","message":"Running on PORT 3001"}
{"level":"info","message":"Running on PORT 3001"}
{"level":"info","message":"Running on PORT 3001"}
{"level":"info","message":"Running on PORT 3001"}
{"level":"info","message":"Running on PORT 3001"}
{"level":"info","message":"Running on PORT 3001"}
{"level":"info","message":"Running on PORT 3001"}
{"level":"info","message":"Running on PORT 3001"}
{"level":"info","message":"Running on PORT 3001"}
{"level":"info","message":"Running on PORT 3001"}
{"level":"info","message":"Running on PORT 3001"}
{"level":"info","message":"Running on PORT 3001"}
{"level":"info","message":"Running on PORT 3001"}
{"level":"info","message":"Running on PORT 3001"}
{"level":"info","message":"Running on PORT 3001"}
{"level":"info","message":"Running on PORT 3001"}
{"level":"info","message":"Running on PORT 3001"}
{"level":"info","message":"Running on PORT 3001"}
{"level":"info","message":"Running on PORT 3001"}
{"level":"info","message":"Running on PORT 3001"}
{"level":"info","message":"Running on PORT 3001"}
{"level":"error","message":"Undeclared variable: NaN"}
{"level":"error","message":"Undeclared variable: NaN"}
{"level":"error","message":"Undeclared variable: NaN"}
{"level":"error","message":"Undeclared variable: NaN"}
{"level":"error","message":"Undeclared variable: NaN"}
{"level":"error","message":"Undeclared variable: NaN"}
{"level":"info","message":"Running on PORT 3001"}
{"level":"info","message":"Running on PORT 3001"}
{"level":"error","message":"You have an error in your SQL syntax; check the manual that corresponds to your MySQL server version for the right syntax to use near '10 LIMIT 0 OFFSET ?' at line 33"}
{"level":"info","message":"Running on PORT 3001"}
{"level":"error","message":"You have an error in your SQL syntax; check the manual that corresponds to your MySQL server version for the right syntax to use near '10 LIMIT 0 OFFSET ?' at line 33"}
{"level":"info","message":"Running on PORT 3001"}
{"level":"info","message":"Running on PORT 3001"}
{"level":"info","message":"Running on PORT 3001"}
{"level":"info","message":"Running on PORT 3001"}
{"level":"info","message":"Running on PORT 3001"}
{"level":"info","message":"Running on PORT 3001"}
{"level":"info","message":"Running on PORT 3001"}
{"level":"info","message":"Running on PORT 3001"}
{"level":"info","message":"Running on PORT 3001"}
{"level":"info","message":"Running on PORT 3001"}
{"level":"info","message":"Running on PORT 3001"}
{"level":"info","message":"Running on PORT 3001"}
{"level":"info","message":"Running on PORT 3001"}
{"level":"info","message":"Running on PORT 3001"}
{"level":"info","message":"Running on PORT 3001"}
{"level":"info","message":"Running on PORT 3001"}
{"level":"info","message":"Running on PORT 3001"}
{"level":"info","message":"Running on PORT 3001"}
{"level":"info","message":"Running on PORT 3001"}
{"level":"info","message":"Running on PORT 3001"}
{"level":"info","message":"Running on PORT 3001"}
{"level":"info","message":"Running on PORT 3001"}
{"level":"error","message":"You have an error in your SQL syntax; check the manual that corresponds to your MySQL server version for the right syntax to use near ''' OFFSET 12' at line 33"}
{"level":"error","message":"You have an error in your SQL syntax; check the manual that corresponds to your MySQL server version for the right syntax to use near ''' OFFSET 12' at line 33"}
{"level":"error","message":"You have an error in your SQL syntax; check the manual that corresponds to your MySQL server version for the right syntax to use near ''' OFFSET 12' at line 33"}
{"level":"error","message":"You have an error in your SQL syntax; check the manual that corresponds to your MySQL server version for the right syntax to use near ''' OFFSET 12' at line 33"}
{"level":"error","message":"You have an error in your SQL syntax; check the manual that corresponds to your MySQL server version for the right syntax to use near ''' OFFSET 12' at line 33"}
{"level":"error","message":"You have an error in your SQL syntax; check the manual that corresponds to your MySQL server version for the right syntax to use near ''' OFFSET 12' at line 33"}
{"level":"error","message":"Undeclared variable: NaN"}
{"level":"error","message":"Undeclared variable: NaN"}
{"level":"info","message":"Running on PORT 3001"}
{"level":"error","message":"Undeclared variable: NaN"}
{"level":"error","message":"You have an error in your SQL syntax; check the manual that corresponds to your MySQL server version for the right syntax to use near ''' OFFSET 12' at line 33"}
{"level":"error","message":"Undeclared variable: NaN"}
{"level":"error","message":"You have an error in your SQL syntax; check the manual that corresponds to your MySQL server version for the right syntax to use near ''' OFFSET 12' at line 33"}
{"level":"error","message":"You have an error in your SQL syntax; check the manual that corresponds to your MySQL server version for the right syntax to use near ''' OFFSET 12' at line 33"}
{"level":"error","message":"You have an error in your SQL syntax; check the manual that corresponds to your MySQL server version for the right syntax to use near ''' OFFSET 12' at line 33"}
{"level":"error","message":"You have an error in your SQL syntax; check the manual that corresponds to your MySQL server version for the right syntax to use near ''' OFFSET 12' at line 33"}
{"level":"info","message":"Running on PORT 3001"}
{"level":"error","message":"Undeclared variable: NaN"}
{"level":"error","message":"Undeclared variable: NaN"}
{"level":"error","message":"Undeclared variable: NaN"}
{"level":"info","message":"Running on PORT 3001"}
{"level":"info","message":"Running on PORT 3001"}
{"level":"info","message":"Running on PORT 3001"}
{"level":"info","message":"Running on PORT 3001"}
{"level":"info","message":"Running on PORT 3001"}
{"level":"info","message":"Running on PORT 3001"}
{"level":"info","message":"Running on PORT 3001"}
{"level":"info","message":"Running on PORT 3001"}
{"level":"info","message":"Running on PORT 3001"}
{"level":"info","message":"Running on PORT 3001"}
{"level":"info","message":"Running on PORT 3001"}
{"level":"info","message":"Running on PORT 3001"}
{"level":"info","message":"Running on PORT 3001"}
{"level":"info","message":"Running on PORT 3001"}
{"level":"info","message":"Running on PORT 3001"}
{"level":"info","message":"Running on PORT 3001"}
{"level":"info","message":"Running on PORT 3001"}
{"level":"info","message":"Running on PORT 3001"}
{"level":"info","message":"Running on PORT 3001"}
{"level":"info","message":"Running on PORT 3001"}
{"level":"info","message":"Running on PORT 3001"}
{"level":"info","message":"Running on PORT 3001"}
{"level":"info","message":"Running on PORT 3001"}
{"level":"info","message":"Running on PORT 3001"}
{"level":"info","message":"Running on PORT 3001"}
{"level":"info","message":"Running on PORT 3001"}
{"level":"info","message":"Running on PORT 3001"}
{"level":"info","message":"Running on PORT 3001"}
{"level":"info","message":"Running on PORT 3001"}
{"level":"info","message":"Running on PORT 3001"}
{"level":"info","message":"Running on PORT 3001"}
{"level":"info","message":"Running on PORT 3001"}
{"level":"info","message":"Running on PORT 3001"}
{"level":"error","message":"You have an error in your SQL syntax; check the manual that corresponds to your MySQL server version for the right syntax to use near '?' at line 33"}
{"level":"info","message":"Running on PORT 3001"}
{"level":"info","message":"Running on PORT 3001"}
{"level":"info","message":"Running on PORT 3001"}
{"level":"info","message":"Running on PORT 3001"}
{"level":"info","message":"Running on PORT 3001"}
{"level":"error","message":"You have an error in your SQL syntax; check the manual that corresponds to your MySQL server version for the right syntax to use near 'Talor' at line 33"}
{"level":"info","message":"Running on PORT 3001"}
{"level":"info","message":"Running on PORT 3001"}
{"level":"info","message":"Running on PORT 3001"}
{"level":"info","message":"Running on PORT 3001"}
{"level":"info","message":"Running on PORT 3001"}
{"level":"info","message":"Running on PORT 3001"}
{"level":"info","message":"Running on PORT 3001"}
{"level":"info","message":"Running on PORT 3001"}
{"level":"info","message":"Running on PORT 3001"}
{"level":"info","message":"Running on PORT 3001"}
{"level":"info","message":"Running on PORT 3001"}
{"level":"info","message":"Running on PORT 3001"}
{"level":"info","message":"Running on PORT 3001"}
{"level":"info","message":"Running on PORT 3001"}
{"level":"error","message":"read ETIMEDOUT"}
{"level":"error","message":"read ETIMEDOUT"}
{"level":"error","message":"read ETIMEDOUT"}
{"level":"info","message":"Running on PORT 3001"}
{"level":"info","message":"Running on PORT 3001"}
{"level":"info","message":"Running on PORT 3001"}
{"level":"info","message":"Running on PORT 3001"}
{"level":"info","message":"Running on PORT 3001"}
{"level":"error","message":"You have tried to call .then(), .catch(), or invoked await on the result of query that is not a promise, which is a programming error. Try calling con.promise().query(), or require('mysql2/promise') instead of 'mysql2' for a promise-compatible version of the query interface. To learn how to use async/await or Promises check out documentation at https://sidorares.github.io/node-mysql2/docs#using-promise-wrapper, or the mysql2 documentation at https://sidorares.github.io/node-mysql2/docs/documentation/promise-wrapper"}
{"level":"info","message":"Running on PORT 3001"}
{"level":"info","message":"Running on PORT 3001"}
{"level":"info","message":"Running on PORT 3001"}
{"level":"error","message":"You have tried to call .then(), .catch(), or invoked await on the result of query that is not a promise, which is a programming error. Try calling con.promise().query(), or require('mysql2/promise') instead of 'mysql2' for a promise-compatible version of the query interface. To learn how to use async/await or Promises check out documentation at https://sidorares.github.io/node-mysql2/docs#using-promise-wrapper, or the mysql2 documentation at https://sidorares.github.io/node-mysql2/docs/documentation/promise-wrapper"}
{"level":"info","message":"Running on PORT 3001"}
{"level":"info","message":"Running on PORT 3001"}
{"level":"error","message":"You have an error in your SQL syntax; check the manual that corresponds to your MySQL server version for the right syntax to use near '?' at line 33"}
{"level":"info","message":"Running on PORT 3001"}
{"level":"error","message":"You have an error in your SQL syntax; check the manual that corresponds to your MySQL server version for the right syntax to use near '?' at line 33"}
{"level":"info","message":"Running on PORT 3001"}
{"level":"info","message":"Running on PORT 3001"}
{"level":"info","message":"Running on PORT 3001"}
{"level":"info","message":"Running on PORT 3001"}
{"level":"info","message":"Running on PORT 3001"}
{"level":"info","message":"Running on PORT 3001"}
{"level":"info","message":"Running on PORT 3001"}
{"level":"info","message":"Running on PORT 3001"}
{"level":"info","message":"Running on PORT 3001"}
{"level":"info","message":"Running on PORT 3001"}
{"level":"info","message":"Running on PORT 3001"}
{"level":"info","message":"Running on PORT 3001"}
{"level":"info","message":"Running on PORT 3001"}
{"level":"info","message":"Running on PORT 3001"}
{"level":"info","message":"Running on PORT 3001"}
{"level":"info","message":"Running on PORT 3001"}
{"level":"info","message":"Running on PORT 3001"}
{"level":"info","message":"Running on PORT 3001"}
{"level":"info","message":"Running on PORT 3001"}
{"level":"info","message":"Running on PORT 3001"}
{"level":"info","message":"Running on PORT 3001"}
{"level":"info","message":"Running on PORT 3001"}
{"level":"info","message":"Running on PORT 3001"}
{"level":"info","message":"Running on PORT 3001"}
{"level":"info","message":"Running on PORT 3001"}
{"level":"info","message":"Running on PORT 3001"}
{"level":"info","message":"Running on PORT 3001"}
{"level":"info","message":"Running on PORT 3001"}
{"level":"info","message":"Running on PORT 3001"}
{"level":"info","message":"Running on PORT 3001"}
{"level":"info","message":"Running on PORT 3001"}
{"level":"info","message":"Running on PORT 3001"}
{"level":"info","message":"Running on PORT 3001"}
{"level":"info","message":"Running on PORT 3001"}
{"level":"info","message":"Running on PORT 3001"}
{"level":"error","message":"You have tried to call .then(), .catch(), or invoked await on the result of query that is not a promise, which is a programming error. Try calling con.promise().query(), or require('mysql2/promise') instead of 'mysql2' for a promise-compatible version of the query interface. To learn how to use async/await or Promises check out documentation at https://sidorares.github.io/node-mysql2/docs#using-promise-wrapper, or the mysql2 documentation at https://sidorares.github.io/node-mysql2/docs/documentation/promise-wrapper"}
{"level":"error","message":"You have tried to call .then(), .catch(), or invoked await on the result of query that is not a promise, which is a programming error. Try calling con.promise().query(), or require('mysql2/promise') instead of 'mysql2' for a promise-compatible version of the query interface. To learn how to use async/await or Promises check out documentation at https://sidorares.github.io/node-mysql2/docs#using-promise-wrapper, or the mysql2 documentation at https://sidorares.github.io/node-mysql2/docs/documentation/promise-wrapper"}
{"level":"info","message":"Running on PORT 3001"}
{"level":"info","message":"Running on PORT 3001"}
{"level":"error","message":"You have tried to call .then(), .catch(), or invoked await on the result of query that is not a promise, which is a programming error. Try calling con.promise().query(), or require('mysql2/promise') instead of 'mysql2' for a promise-compatible version of the query interface. To learn how to use async/await or Promises check out documentation at https://sidorares.github.io/node-mysql2/docs#using-promise-wrapper, or the mysql2 documentation at https://sidorares.github.io/node-mysql2/docs/documentation/promise-wrapper"}
{"level":"error","message":"You have tried to call .then(), .catch(), or invoked await on the result of query that is not a promise, which is a programming error. Try calling con.promise().query(), or require('mysql2/promise') instead of 'mysql2' for a promise-compatible version of the query interface. To learn how to use async/await or Promises check out documentation at https://sidorares.github.io/node-mysql2/docs#using-promise-wrapper, or the mysql2 documentation at https://sidorares.github.io/node-mysql2/docs/documentation/promise-wrapper"}
{"level":"info","message":"Running on PORT 3001"}
{"level":"info","message":"Running on PORT 3001"}
{"level":"error","message":"You have tried to call .then(), .catch(), or invoked await on the result of query that is not a promise, which is a programming error. Try calling con.promise().query(), or require('mysql2/promise') instead of 'mysql2' for a promise-compatible version of the query interface. To learn how to use async/await or Promises check out documentation at https://sidorares.github.io/node-mysql2/docs#using-promise-wrapper, or the mysql2 documentation at https://sidorares.github.io/node-mysql2/docs/documentation/promise-wrapper"}
{"level":"error","message":"You have tried to call .then(), .catch(), or invoked await on the result of query that is not a promise, which is a programming error. Try calling con.promise().query(), or require('mysql2/promise') instead of 'mysql2' for a promise-compatible version of the query interface. To learn how to use async/await or Promises check out documentation at https://sidorares.github.io/node-mysql2/docs#using-promise-wrapper, or the mysql2 documentation at https://sidorares.github.io/node-mysql2/docs/documentation/promise-wrapper"}
{"level":"info","message":"Running on PORT 3001"}
{"level":"info","message":"Running on PORT 3001"}
{"level":"info","message":"Running on PORT 3001"}
{"level":"error","message":"You have tried to call .then(), .catch(), or invoked await on the result of query that is not a promise, which is a programming error. Try calling con.promise().query(), or require('mysql2/promise') instead of 'mysql2' for a promise-compatible version of the query interface. To learn how to use async/await or Promises check out documentation at https://sidorares.github.io/node-mysql2/docs#using-promise-wrapper, or the mysql2 documentation at https://sidorares.github.io/node-mysql2/docs/documentation/promise-wrapper"}
{"level":"error","message":"You have tried to call .then(), .catch(), or invoked await on the result of query that is not a promise, which is a programming error. Try calling con.promise().query(), or require('mysql2/promise') instead of 'mysql2' for a promise-compatible version of the query interface. To learn how to use async/await or Promises check out documentation at https://sidorares.github.io/node-mysql2/docs#using-promise-wrapper, or the mysql2 documentation at https://sidorares.github.io/node-mysql2/docs/documentation/promise-wrapper"}
{"level":"info","message":"Running on PORT 3001"}
{"level":"info","message":"Running on PORT 3001"}
{"level":"info","message":"Running on PORT 3001"}
{"level":"info","message":"Running on PORT 3001"}
{"level":"info","message":"Running on PORT 3001"}
{"level":"info","message":"Running on PORT 3001"}
{"level":"info","message":"Running on PORT 3001"}
{"level":"error","message":"read ECONNRESET"}
{"level":"error","message":"read ECONNRESET"}
{"level":"info","message":"Running on PORT 3001"}
{"level":"error","message":"The first argument must be of type string or an instance of Buffer, ArrayBuffer, or Array or an Array-like Object. Received undefined"}
{"level":"error","message":"The first argument must be of type string or an instance of Buffer, ArrayBuffer, or Array or an Array-like Object. Received undefined"}
{"level":"info","message":"Running on PORT 3001"}
{"level":"error","message":"read ECONNRESET"}
{"level":"error","message":"read ECONNRESET"}
{"level":"error","message":"Column count doesn't match value count at row 1"}
{"level":"info","message":"Running on PORT 3001"}
{"level":"info","message":"Running on PORT 3001"}
{"level":"info","message":"Running on PORT 3001"}
{"level":"info","message":"Running on PORT 3001"}
{"level":"error","message":"Column count doesn't match value count at row 1"}
{"level":"info","message":"Running on PORT 3001"}
{"level":"info","message":"Running on PORT 3001"}
{"level":"error","message":"Column count doesn't match value count at row 1"}
{"level":"info","message":"Running on PORT 3001"}
{"level":"error","message":"Column count doesn't match value count at row 1"}
{"level":"info","message":"Running on PORT 3001"}
{"level":"error","message":"Column count doesn't match value count at row 1"}
{"level":"error","message":"Column count doesn't match value count at row 1"}
{"level":"error","message":"Column count doesn't match value count at row 1"}
