{"level":"error","message":"connect ETIMEDOUT"}
{"level":"error","message":"Table 'portal_wg_fab.videos' doesn't exist"}
{"level":"error","message":"connect ETIMEDOUT"}
{"level":"error","message":"connect ETIMEDOUT"}
{"level":"error","message":"connect ETIMEDOUT"}
{"level":"error","message":"connect ETIMEDOUT"}
{"level":"error","message":"connect ETIMEDOUT"}
{"level":"error","message":"connect ETIMEDOUT"}
{"level":"error","message":"connect ETIMEDOUT"}
{"level":"error","message":"Undeclared variable: NaN"}
{"level":"error","message":"Undeclared variable: NaN"}
{"level":"error","message":"Undeclared variable: NaN"}
{"level":"error","message":"Undeclared variable: NaN"}
{"level":"error","message":"Undeclared variable: NaN"}
{"level":"error","message":"Undeclared variable: NaN"}
{"level":"error","message":"You have an error in your SQL syntax; check the manual that corresponds to your MySQL server version for the right syntax to use near '10 LIMIT 0 OFFSET ?' at line 33"}
{"level":"error","message":"You have an error in your SQL syntax; check the manual that corresponds to your MySQL server version for the right syntax to use near '10 LIMIT 0 OFFSET ?' at line 33"}
{"level":"error","message":"You have an error in your SQL syntax; check the manual that corresponds to your MySQL server version for the right syntax to use near ''' OFFSET 12' at line 33"}
{"level":"error","message":"You have an error in your SQL syntax; check the manual that corresponds to your MySQL server version for the right syntax to use near ''' OFFSET 12' at line 33"}
{"level":"error","message":"You have an error in your SQL syntax; check the manual that corresponds to your MySQL server version for the right syntax to use near ''' OFFSET 12' at line 33"}
{"level":"error","message":"You have an error in your SQL syntax; check the manual that corresponds to your MySQL server version for the right syntax to use near ''' OFFSET 12' at line 33"}
{"level":"error","message":"You have an error in your SQL syntax; check the manual that corresponds to your MySQL server version for the right syntax to use near ''' OFFSET 12' at line 33"}
{"level":"error","message":"You have an error in your SQL syntax; check the manual that corresponds to your MySQL server version for the right syntax to use near ''' OFFSET 12' at line 33"}
{"level":"error","message":"Undeclared variable: NaN"}
{"level":"error","message":"Undeclared variable: NaN"}
{"level":"error","message":"Undeclared variable: NaN"}
{"level":"error","message":"You have an error in your SQL syntax; check the manual that corresponds to your MySQL server version for the right syntax to use near ''' OFFSET 12' at line 33"}
{"level":"error","message":"Undeclared variable: NaN"}
{"level":"error","message":"You have an error in your SQL syntax; check the manual that corresponds to your MySQL server version for the right syntax to use near ''' OFFSET 12' at line 33"}
{"level":"error","message":"You have an error in your SQL syntax; check the manual that corresponds to your MySQL server version for the right syntax to use near ''' OFFSET 12' at line 33"}
{"level":"error","message":"You have an error in your SQL syntax; check the manual that corresponds to your MySQL server version for the right syntax to use near ''' OFFSET 12' at line 33"}
{"level":"error","message":"You have an error in your SQL syntax; check the manual that corresponds to your MySQL server version for the right syntax to use near ''' OFFSET 12' at line 33"}
{"level":"error","message":"Undeclared variable: NaN"}
{"level":"error","message":"Undeclared variable: NaN"}
{"level":"error","message":"Undeclared variable: NaN"}
{"level":"error","message":"You have an error in your SQL syntax; check the manual that corresponds to your MySQL server version for the right syntax to use near '?' at line 33"}
{"level":"error","message":"You have an error in your SQL syntax; check the manual that corresponds to your MySQL server version for the right syntax to use near 'Talor' at line 33"}
